<?xml version="1.0" encoding="UTF-8"?>
<!-- Generated by org.testng.reporters.JUnitXMLReporter -->
<testsuite ignored="0" hostname="DESKTOP-O0SLR4V" failures="0" tests="1" name="Default test" time="0.22" errors="0" timestamp="2022-06-01T22:32:39 IST">
  <testcase classname="testNgclass.testNgAnnotationofFlipkart" name="@BeforeTest launchthebrowser" time="-1.654102959302E9">
    <failure type="org.testng.TestNGException" message="
Parameter &amp;apos;browserName&amp;apos; is required by BeforeTest on method launchthebrowser but has not been marked @Optional or defined
in C:\Users\HP\AppData\Local\Temp\testng-eclipse--1448379290\testng-customsuite.xml">
      <![CDATA[org.testng.TestNGException: 
Parameter 'browserName' is required by BeforeTest on method launchthebrowser but has not been marked @Optional or defined
in C:\Users\HP\AppData\Local\Temp\testng-eclipse--1448379290\testng-customsuite.xml
at org.testng.internal.Parameters.createParams(Parameters.java:270)
at org.testng.internal.Parameters.createParametersForMethod(Parameters.java:358)
at org.testng.internal.Parameters.createParameters(Parameters.java:700)
at org.testng.internal.Parameters.createConfigurationParameters(Parameters.java:168)
at org.testng.internal.ConfigInvoker.invokeConfigurations(ConfigInvoker.java:302)
at org.testng.TestRunner.invokeTestConfigurations(TestRunner.java:637)
at org.testng.TestRunner.beforeRun(TestRunner.java:627)
at org.testng.TestRunner.run(TestRunner.java:589)
at org.testng.SuiteRunner.runTest(SuiteRunner.java:377)
at org.testng.SuiteRunner.runSequentially(SuiteRunner.java:371)
at org.testng.SuiteRunner.privateRun(SuiteRunner.java:332)
at org.testng.SuiteRunner.run(SuiteRunner.java:276)
at org.testng.SuiteRunnerWorker.runSuite(SuiteRunnerWorker.java:53)
at org.testng.SuiteRunnerWorker.run(SuiteRunnerWorker.java:96)
at org.testng.TestNG.runSuitesSequentially(TestNG.java:1212)
at org.testng.TestNG.runSuitesLocally(TestNG.java:1134)
at org.testng.TestNG.runSuites(TestNG.java:1063)
at org.testng.TestNG.run(TestNG.java:1031)
at org.testng.remote.AbstractRemoteTestNG.run(AbstractRemoteTestNG.java:115)
at org.testng.remote.RemoteTestNG.initAndRun(RemoteTestNG.java:251)
at org.testng.remote.RemoteTestNG.main(RemoteTestNG.java:77)
]]>
    </failure>
  </testcase> <!-- @BeforeTest launchthebrowser -->
  <testcase classname="testNgclass.testNgAnnotationofFlipkart" name="@BeforeClass createpomobject" time="-1.654102959377E9">
    <skipped/>
  </testcase> <!-- @BeforeClass createpomobject -->
  <testcase classname="testNgclass.testNgAnnotationofFlipkart" name="@BeforeMethod logintoapplication" time="-1.654102959448E9">
    <skipped/>
  </testcase> <!-- @BeforeMethod logintoapplication -->
  <testcase classname="testNgclass.testNgAnnotationofFlipkart" name="@AfterMethod logoutfromapplication" time="-1.654102959486E9">
    <skipped/>
  </testcase> <!-- @AfterMethod logoutfromapplication -->
  <testcase classname="testNgclass.testNgAnnotationofFlipkart" name="@AfterClass clearpomobject" time="-1.654102959494E9">
    <skipped/>
  </testcase> <!-- @AfterClass clearpomobject -->
  <testcase classname="testNgclass.testNgAnnotationofFlipkart" name="@AfterTest CloseTheBrowser" time="-1.654102959503E9">
    <skipped/>
  </testcase> <!-- @AfterTest CloseTheBrowser -->
  <testcase classname="testNgclass.testNgAnnotationofFlipkart" name="verifytopofferstab" time="0.0">
    <skipped/>
  </testcase> <!-- verifytopofferstab -->
</testsuite> <!-- Default test -->
