<?xml version="1.0" encoding="UTF-8"?>
<!-- Generated by org.testng.reporters.JUnitReportReporter -->
<testsuite hostname="DESKTOP-O0SLR4V" failures="3" tests="3" name="testNgclass.testNgAnnotationofFlipkart" time="177.716" errors="0" timestamp="2022-06-02T11:51:56 IST" skipped="0">
  <testcase classname="testNgclass.testNgAnnotationofFlipkart" name="verifytopofferstab" time="54.135">
    <failure message="expected [https://www.flipkart.com/offers-store?otracker=nmenu_offer-zone&amp;fm=neo%2Fmerchandising&amp;iid=M_024da63e-2a30-4fcd-9c3c-198daaf4ed96_2_372UD5BXDFYS_MC.G6ZC4RAJ9OHU&amp;otracker=hp_rich_navigation_1_2.navigationCard.RICH_NAVIGATION_Top%2BOffers_G6ZC4RAJ9OHU&amp;otracker1=hp_rich_navigation_PINNED_neo%2Fmerchandising_NA_NAV_EXPANDABLE_navigationCard_cc_1_L0_view-all&amp;cid=G6ZC4RAJ9OHU] but found [https://www.flipkart.com/offers-store?otracker=nmenu_offer-zone&amp;fm=neo%2Fmerchandising&amp;iid=M_450d4403-c452-4838-9cfc-638cc2fe7744_2_372UD5BXDFYS_MC.G6ZC4RAJ9OHU&amp;otracker=hp_rich_navigation_1_2.navigationCard.RICH_NAVIGATION_Top%2BOffers_G6ZC4RAJ9OHU&amp;otracker1=hp_rich_navigation_PINNED_neo%2Fmerchandising_NA_NAV_EXPANDABLE_navigationCard_cc_1_L0_view-all&amp;cid=G6ZC4RAJ9OHU]" type="java.lang.AssertionError">
      <![CDATA[java.lang.AssertionError: expected [https://www.flipkart.com/offers-store?otracker=nmenu_offer-zone&fm=neo%2Fmerchandising&iid=M_024da63e-2a30-4fcd-9c3c-198daaf4ed96_2_372UD5BXDFYS_MC.G6ZC4RAJ9OHU&otracker=hp_rich_navigation_1_2.navigationCard.RICH_NAVIGATION_Top%2BOffers_G6ZC4RAJ9OHU&otracker1=hp_rich_navigation_PINNED_neo%2Fmerchandising_NA_NAV_EXPANDABLE_navigationCard_cc_1_L0_view-all&cid=G6ZC4RAJ9OHU] but found [https://www.flipkart.com/offers-store?otracker=nmenu_offer-zone&fm=neo%2Fmerchandising&iid=M_450d4403-c452-4838-9cfc-638cc2fe7744_2_372UD5BXDFYS_MC.G6ZC4RAJ9OHU&otracker=hp_rich_navigation_1_2.navigationCard.RICH_NAVIGATION_Top%2BOffers_G6ZC4RAJ9OHU&otracker1=hp_rich_navigation_PINNED_neo%2Fmerchandising_NA_NAV_EXPANDABLE_navigationCard_cc_1_L0_view-all&cid=G6ZC4RAJ9OHU]
at org.testng.Assert.fail(Assert.java:99)
at org.testng.Assert.failNotEquals(Assert.java:1037)
at org.testng.Assert.assertEqualsImpl(Assert.java:140)
at org.testng.Assert.assertEquals(Assert.java:122)
at org.testng.Assert.assertEquals(Assert.java:629)
at org.testng.Assert.assertEquals(Assert.java:639)
at testNgclass.testNgAnnotationofFlipkart.verifytopofferstab(testNgAnnotationofFlipkart.java:106)
at java.base/jdk.internal.reflect.NativeMethodAccessorImpl.invoke0(Native Method)
at java.base/jdk.internal.reflect.NativeMethodAccessorImpl.invoke(NativeMethodAccessorImpl.java:77)
at java.base/jdk.internal.reflect.DelegatingMethodAccessorImpl.invoke(DelegatingMethodAccessorImpl.java:43)
at java.base/java.lang.reflect.Method.invoke(Method.java:568)
at org.testng.internal.MethodInvocationHelper.invokeMethod(MethodInvocationHelper.java:133)
at org.testng.internal.TestInvoker.invokeMethod(TestInvoker.java:598)
at org.testng.internal.TestInvoker.invokeTestMethod(TestInvoker.java:173)
at org.testng.internal.MethodRunner.runInSequence(MethodRunner.java:46)
at org.testng.internal.TestInvoker$MethodInvocationAgent.invoke(TestInvoker.java:824)
at org.testng.internal.TestInvoker.invokeTestMethods(TestInvoker.java:146)
at org.testng.internal.TestMethodWorker.invokeTestMethods(TestMethodWorker.java:146)
at org.testng.internal.TestMethodWorker.run(TestMethodWorker.java:128)
at java.base/java.util.concurrent.ThreadPoolExecutor.runWorker(ThreadPoolExecutor.java:1136)
at java.base/java.util.concurrent.ThreadPoolExecutor$Worker.run(ThreadPoolExecutor.java:635)
at java.base/java.lang.Thread.run(Thread.java:833)
]]>
    </failure>
  </testcase> <!-- verifytopofferstab -->
  <system-out/>
  <testcase classname="testNgclass.testNgAnnotationofFlipkart" name="verifytopofferstab" time="65.630">
    <failure message="expected [https://www.flipkart.com/offers-store?otracker=nmenu_offer-zone&amp;fm=neo%2Fmerchandising&amp;iid=M_024da63e-2a30-4fcd-9c3c-198daaf4ed96_2_372UD5BXDFYS_MC.G6ZC4RAJ9OHU&amp;otracker=hp_rich_navigation_1_2.navigationCard.RICH_NAVIGATION_Top%2BOffers_G6ZC4RAJ9OHU&amp;otracker1=hp_rich_navigation_PINNED_neo%2Fmerchandising_NA_NAV_EXPANDABLE_navigationCard_cc_1_L0_view-all&amp;cid=G6ZC4RAJ9OHU] but found [https://www.flipkart.com/offers-store?otracker=nmenu_offer-zone&amp;fm=neo%2Fmerchandising&amp;iid=M_666682e7-8cd2-4f9d-b1b1-4db3c7d9a12f_2_372UD5BXDFYS_MC.G6ZC4RAJ9OHU&amp;otracker=hp_rich_navigation_1_2.navigationCard.RICH_NAVIGATION_Top%2BOffers_G6ZC4RAJ9OHU&amp;otracker1=hp_rich_navigation_PINNED_neo%2Fmerchandising_NA_NAV_EXPANDABLE_navigationCard_cc_1_L0_view-all&amp;cid=G6ZC4RAJ9OHU]" type="java.lang.AssertionError">
      <![CDATA[java.lang.AssertionError: expected [https://www.flipkart.com/offers-store?otracker=nmenu_offer-zone&fm=neo%2Fmerchandising&iid=M_024da63e-2a30-4fcd-9c3c-198daaf4ed96_2_372UD5BXDFYS_MC.G6ZC4RAJ9OHU&otracker=hp_rich_navigation_1_2.navigationCard.RICH_NAVIGATION_Top%2BOffers_G6ZC4RAJ9OHU&otracker1=hp_rich_navigation_PINNED_neo%2Fmerchandising_NA_NAV_EXPANDABLE_navigationCard_cc_1_L0_view-all&cid=G6ZC4RAJ9OHU] but found [https://www.flipkart.com/offers-store?otracker=nmenu_offer-zone&fm=neo%2Fmerchandising&iid=M_666682e7-8cd2-4f9d-b1b1-4db3c7d9a12f_2_372UD5BXDFYS_MC.G6ZC4RAJ9OHU&otracker=hp_rich_navigation_1_2.navigationCard.RICH_NAVIGATION_Top%2BOffers_G6ZC4RAJ9OHU&otracker1=hp_rich_navigation_PINNED_neo%2Fmerchandising_NA_NAV_EXPANDABLE_navigationCard_cc_1_L0_view-all&cid=G6ZC4RAJ9OHU]
at org.testng.Assert.fail(Assert.java:99)
at org.testng.Assert.failNotEquals(Assert.java:1037)
at org.testng.Assert.assertEqualsImpl(Assert.java:140)
at org.testng.Assert.assertEquals(Assert.java:122)
at org.testng.Assert.assertEquals(Assert.java:629)
at org.testng.Assert.assertEquals(Assert.java:639)
at testNgclass.testNgAnnotationofFlipkart.verifytopofferstab(testNgAnnotationofFlipkart.java:106)
at java.base/jdk.internal.reflect.NativeMethodAccessorImpl.invoke0(Native Method)
at java.base/jdk.internal.reflect.NativeMethodAccessorImpl.invoke(NativeMethodAccessorImpl.java:77)
at java.base/jdk.internal.reflect.DelegatingMethodAccessorImpl.invoke(DelegatingMethodAccessorImpl.java:43)
at java.base/java.lang.reflect.Method.invoke(Method.java:568)
at org.testng.internal.MethodInvocationHelper.invokeMethod(MethodInvocationHelper.java:133)
at org.testng.internal.TestInvoker.invokeMethod(TestInvoker.java:598)
at org.testng.internal.TestInvoker.invokeTestMethod(TestInvoker.java:173)
at org.testng.internal.MethodRunner.runInSequence(MethodRunner.java:46)
at org.testng.internal.TestInvoker$MethodInvocationAgent.invoke(TestInvoker.java:824)
at org.testng.internal.TestInvoker.invokeTestMethods(TestInvoker.java:146)
at org.testng.internal.TestMethodWorker.invokeTestMethods(TestMethodWorker.java:146)
at org.testng.internal.TestMethodWorker.run(TestMethodWorker.java:128)
at java.base/java.util.concurrent.ThreadPoolExecutor.runWorker(ThreadPoolExecutor.java:1136)
at java.base/java.util.concurrent.ThreadPoolExecutor$Worker.run(ThreadPoolExecutor.java:635)
at java.base/java.lang.Thread.run(Thread.java:833)
]]>
    </failure>
  </testcase> <!-- verifytopofferstab -->
  <system-out/>
  <testcase classname="testNgclass.testNgAnnotationofFlipkart" name="verifytopofferstab" time="57.951">
    <failure message="expected [https://www.flipkart.com/offers-store?otracker=nmenu_offer-zone&amp;fm=neo%2Fmerchandising&amp;iid=M_024da63e-2a30-4fcd-9c3c-198daaf4ed96_2_372UD5BXDFYS_MC.G6ZC4RAJ9OHU&amp;otracker=hp_rich_navigation_1_2.navigationCard.RICH_NAVIGATION_Top%2BOffers_G6ZC4RAJ9OHU&amp;otracker1=hp_rich_navigation_PINNED_neo%2Fmerchandising_NA_NAV_EXPANDABLE_navigationCard_cc_1_L0_view-all&amp;cid=G6ZC4RAJ9OHU] but found [https://www.flipkart.com/offers-store?otracker=nmenu_offer-zone&amp;fm=neo%2Fmerchandising&amp;iid=M_b760cd33-0785-4f95-be45-be23d58e30a9_2_372UD5BXDFYS_MC.G6ZC4RAJ9OHU&amp;otracker=hp_rich_navigation_1_2.navigationCard.RICH_NAVIGATION_Top%2BOffers_G6ZC4RAJ9OHU&amp;otracker1=hp_rich_navigation_PINNED_neo%2Fmerchandising_NA_NAV_EXPANDABLE_navigationCard_cc_1_L0_view-all&amp;cid=G6ZC4RAJ9OHU]" type="java.lang.AssertionError">
      <![CDATA[java.lang.AssertionError: expected [https://www.flipkart.com/offers-store?otracker=nmenu_offer-zone&fm=neo%2Fmerchandising&iid=M_024da63e-2a30-4fcd-9c3c-198daaf4ed96_2_372UD5BXDFYS_MC.G6ZC4RAJ9OHU&otracker=hp_rich_navigation_1_2.navigationCard.RICH_NAVIGATION_Top%2BOffers_G6ZC4RAJ9OHU&otracker1=hp_rich_navigation_PINNED_neo%2Fmerchandising_NA_NAV_EXPANDABLE_navigationCard_cc_1_L0_view-all&cid=G6ZC4RAJ9OHU] but found [https://www.flipkart.com/offers-store?otracker=nmenu_offer-zone&fm=neo%2Fmerchandising&iid=M_b760cd33-0785-4f95-be45-be23d58e30a9_2_372UD5BXDFYS_MC.G6ZC4RAJ9OHU&otracker=hp_rich_navigation_1_2.navigationCard.RICH_NAVIGATION_Top%2BOffers_G6ZC4RAJ9OHU&otracker1=hp_rich_navigation_PINNED_neo%2Fmerchandising_NA_NAV_EXPANDABLE_navigationCard_cc_1_L0_view-all&cid=G6ZC4RAJ9OHU]
at org.testng.Assert.fail(Assert.java:99)
at org.testng.Assert.failNotEquals(Assert.java:1037)
at org.testng.Assert.assertEqualsImpl(Assert.java:140)
at org.testng.Assert.assertEquals(Assert.java:122)
at org.testng.Assert.assertEquals(Assert.java:629)
at org.testng.Assert.assertEquals(Assert.java:639)
at testNgclass.testNgAnnotationofFlipkart.verifytopofferstab(testNgAnnotationofFlipkart.java:106)
at java.base/jdk.internal.reflect.NativeMethodAccessorImpl.invoke0(Native Method)
at java.base/jdk.internal.reflect.NativeMethodAccessorImpl.invoke(NativeMethodAccessorImpl.java:77)
at java.base/jdk.internal.reflect.DelegatingMethodAccessorImpl.invoke(DelegatingMethodAccessorImpl.java:43)
at java.base/java.lang.reflect.Method.invoke(Method.java:568)
at org.testng.internal.MethodInvocationHelper.invokeMethod(MethodInvocationHelper.java:133)
at org.testng.internal.TestInvoker.invokeMethod(TestInvoker.java:598)
at org.testng.internal.TestInvoker.invokeTestMethod(TestInvoker.java:173)
at org.testng.internal.MethodRunner.runInSequence(MethodRunner.java:46)
at org.testng.internal.TestInvoker$MethodInvocationAgent.invoke(TestInvoker.java:824)
at org.testng.internal.TestInvoker.invokeTestMethods(TestInvoker.java:146)
at org.testng.internal.TestMethodWorker.invokeTestMethods(TestMethodWorker.java:146)
at org.testng.internal.TestMethodWorker.run(TestMethodWorker.java:128)
at java.base/java.util.concurrent.ThreadPoolExecutor.runWorker(ThreadPoolExecutor.java:1136)
at java.base/java.util.concurrent.ThreadPoolExecutor$Worker.run(ThreadPoolExecutor.java:635)
at java.base/java.lang.Thread.run(Thread.java:833)
]]>
    </failure>
  </testcase> <!-- verifytopofferstab -->
  <system-out/>
</testsuite> <!-- testNgclass.testNgAnnotationofFlipkart -->
